  imgui_impl_opengl3.cpp
  imgui_impl_sdl.cpp
  imgui.cpp
  imgui_demo.cpp
  imgui_draw.cpp
  imgui_widgets.cpp
  main.cpp
D:\Google Drive\IM\Semester_3_19\PRO3\Implementation\VibratingString\VibratingString\main.cpp(117,39): warning C4267: "Initialisierung": Konvertierung von "size_t" nach "int", Datenverlust möglich
D:\Google Drive\IM\Semester_3_19\PRO3\Implementation\VibratingString\VibratingString\main.cpp(118,12): warning C4244: "Initialisierung": Konvertierung von "Eigen::EigenBase<Derived>::Index" in "int", möglicher Datenverlust
          with
          [
              Derived=Eigen::Matrix<float,-1,1,0,-1,1>
          ]
D:\Google Drive\IM\Semester_3_19\PRO3\Implementation\VibratingString\VibratingString\main.cpp(141,20): warning C4244: "=": Konvertierung von "double" in "float", möglicher Datenverlust
D:\Google Drive\IM\Semester_3_19\PRO3\Implementation\VibratingString\VibratingString\main.cpp(216,79): warning C4244: "=": Konvertierung von "double" in "float", möglicher Datenverlust
D:\Google Drive\IM\Semester_3_19\PRO3\Implementation\VibratingString\VibratingString\main.cpp(281,66): warning C4244: "=": Konvertierung von "int" in "float", möglicher Datenverlust
D:\Google Drive\IM\Semester_3_19\PRO3\Implementation\VibratingString\VibratingString\main.cpp(294,81): warning C4244: "=": Konvertierung von "double" in "float", möglicher Datenverlust
D:\Google Drive\IM\Semester_3_19\PRO3\Implementation\VibratingString\VibratingString\main.cpp(307,14): warning C4244: "Argument": Konvertierung von "int" in "GLfloat", möglicher Datenverlust
D:\Google Drive\IM\Semester_3_19\PRO3\Implementation\VibratingString\VibratingString\main.cpp(316,14): warning C4244: "Argument": Konvertierung von "int" in "GLfloat", möglicher Datenverlust
D:\Google Drive\IM\Semester_3_19\PRO3\Implementation\VibratingString\VibratingString\main.cpp(342,46): warning C4244: "Argument": Konvertierung von "double" in "GLfloat", möglicher Datenverlust
D:\Google Drive\IM\Semester_3_19\PRO3\Implementation\VibratingString\VibratingString\main.cpp(342,27): warning C4244: "Argument": Konvertierung von "double" in "GLfloat", möglicher Datenverlust
D:\Google Drive\IM\Semester_3_19\PRO3\Implementation\VibratingString\VibratingString\main.cpp(343,52): warning C4244: "Argument": Konvertierung von "double" in "GLfloat", möglicher Datenverlust
D:\Google Drive\IM\Semester_3_19\PRO3\Implementation\VibratingString\VibratingString\main.cpp(343,33): warning C4244: "Argument": Konvertierung von "double" in "GLfloat", möglicher Datenverlust
D:\Google Drive\IM\Semester_3_19\PRO3\Implementation\VibratingString\VibratingString\main.cpp(344,52): warning C4244: "Argument": Konvertierung von "double" in "GLfloat", möglicher Datenverlust
D:\Google Drive\IM\Semester_3_19\PRO3\Implementation\VibratingString\VibratingString\main.cpp(344,27): warning C4244: "Argument": Konvertierung von "double" in "GLfloat", möglicher Datenverlust
D:\Google Drive\IM\Semester_3_19\PRO3\Implementation\VibratingString\VibratingString\main.cpp(348,58): warning C4244: "Argument": Konvertierung von "double" in "GLfloat", möglicher Datenverlust
D:\Google Drive\IM\Semester_3_19\PRO3\Implementation\VibratingString\VibratingString\main.cpp(348,33): warning C4244: "Argument": Konvertierung von "double" in "GLfloat", möglicher Datenverlust
D:\Google Drive\IM\Semester_3_19\PRO3\Implementation\VibratingString\VibratingString\main.cpp(349,52): warning C4244: "Argument": Konvertierung von "double" in "GLfloat", möglicher Datenverlust
D:\Google Drive\IM\Semester_3_19\PRO3\Implementation\VibratingString\VibratingString\main.cpp(349,27): warning C4244: "Argument": Konvertierung von "double" in "GLfloat", möglicher Datenverlust
D:\Google Drive\IM\Semester_3_19\PRO3\Implementation\VibratingString\VibratingString\main.cpp(350,52): warning C4244: "Argument": Konvertierung von "double" in "GLfloat", möglicher Datenverlust
D:\Google Drive\IM\Semester_3_19\PRO3\Implementation\VibratingString\VibratingString\main.cpp(350,33): warning C4244: "Argument": Konvertierung von "double" in "GLfloat", möglicher Datenverlust
D:\Google Drive\IM\Semester_3_19\PRO3\Implementation\VibratingString\VibratingString\main.cpp(485,36): warning C4267: "=": Konvertierung von "size_t" nach "int", Datenverlust möglich
D:\Google Drive\IM\Semester_3_19\PRO3\Implementation\VibratingString\VibratingString\main.cpp(486,37): warning C4244: "=": Konvertierung von "Eigen::EigenBase<Derived>::Index" in "int", möglicher Datenverlust
          with
          [
              Derived=Eigen::Matrix<float,-1,1,0,-1,1>
          ]
D:\Google Drive\IM\Semester_3_19\PRO3\Implementation\VibratingString\VibratingString\main.cpp(498,91): warning C4244: "Argument": Konvertierung von "double" in "const std::complex<float>::_Ty", möglicher Datenverlust
D:\Google Drive\IM\Semester_3_19\PRO3\Implementation\VibratingString\VibratingString\main.cpp(503,92): warning C4244: "Argument": Konvertierung von "double" in "const std::complex<float>::_Ty", möglicher Datenverlust
D:\Google Drive\IM\Semester_3_19\PRO3\Implementation\VibratingString\VibratingString\main.cpp(550,60): warning C4244: "=": Konvertierung von "double" in "float", möglicher Datenverlust
  shader.cpp
  Code wird generiert...
D:\Google Drive\IM\Semester_3_19\PRO3\Implementation\VibratingString\VibratingString\main.cpp(746): warning C4715: "initGlew": Nicht alle Codepfade geben einen Wert zurück.
MSVCRTD.lib(initializers.obj) : warning LNK4098: Standardbibliothek "libcmt.lib" steht in Konflikt mit anderen Bibliotheken; /NODEFAULTLIB:Bibliothek verwenden.
LINK : warning LNK4286: Das in "__glewActiveTexture" definierte Symbol "glew32s.lib(glew.obj)" wird durch "imgui_impl_opengl3.obj" importiert.
LINK : warning LNK4286: Das in "__glewBlendEquation" definierte Symbol "glew32s.lib(glew.obj)" wird durch "imgui_impl_opengl3.obj" importiert.
LINK : warning LNK4286: Das in "__glewBlendFuncSeparate" definierte Symbol "glew32s.lib(glew.obj)" wird durch "imgui_impl_opengl3.obj" importiert.
LINK : warning LNK4286: Das in "__glewBindBuffer" definierte Symbol "glew32s.lib(glew.obj)" wird durch "imgui_impl_opengl3.obj" importiert.
LINK : warning LNK4286: Das in "__glewBufferData" definierte Symbol "glew32s.lib(glew.obj)" wird durch "imgui_impl_opengl3.obj" importiert.
LINK : warning LNK4286: Das in "__glewDeleteBuffers" definierte Symbol "glew32s.lib(glew.obj)" wird durch "imgui_impl_opengl3.obj" importiert.
LINK : warning LNK4286: Das in "__glewGenBuffers" definierte Symbol "glew32s.lib(glew.obj)" wird durch "imgui_impl_opengl3.obj" importiert.
LINK : warning LNK4286: Das in "__glewAttachShader" definierte Symbol "glew32s.lib(glew.obj)" wird durch "imgui_impl_opengl3.obj" importiert.
LINK : warning LNK4286: Das in "__glewAttachShader" definierte Symbol "glew32s.lib(glew.obj)" wird durch "shader.obj" importiert.
LINK : warning LNK4286: Das in "__glewBlendEquationSeparate" definierte Symbol "glew32s.lib(glew.obj)" wird durch "imgui_impl_opengl3.obj" importiert.
LINK : warning LNK4286: Das in "__glewCompileShader" definierte Symbol "glew32s.lib(glew.obj)" wird durch "imgui_impl_opengl3.obj" importiert.
LINK : warning LNK4286: Das in "__glewCompileShader" definierte Symbol "glew32s.lib(glew.obj)" wird durch "shader.obj" importiert.
LINK : warning LNK4286: Das in "__glewCreateProgram" definierte Symbol "glew32s.lib(glew.obj)" wird durch "imgui_impl_opengl3.obj" importiert.
LINK : warning LNK4286: Das in "__glewCreateProgram" definierte Symbol "glew32s.lib(glew.obj)" wird durch "shader.obj" importiert.
LINK : warning LNK4286: Das in "__glewCreateShader" definierte Symbol "glew32s.lib(glew.obj)" wird durch "imgui_impl_opengl3.obj" importiert.
LINK : warning LNK4286: Das in "__glewCreateShader" definierte Symbol "glew32s.lib(glew.obj)" wird durch "shader.obj" importiert.
LINK : warning LNK4286: Das in "__glewDeleteProgram" definierte Symbol "glew32s.lib(glew.obj)" wird durch "imgui_impl_opengl3.obj" importiert.
LINK : warning LNK4286: Das in "__glewDeleteProgram" definierte Symbol "glew32s.lib(glew.obj)" wird durch "shader.obj" importiert.
LINK : warning LNK4286: Das in "__glewDeleteShader" definierte Symbol "glew32s.lib(glew.obj)" wird durch "imgui_impl_opengl3.obj" importiert.
LINK : warning LNK4286: Das in "__glewDetachShader" definierte Symbol "glew32s.lib(glew.obj)" wird durch "imgui_impl_opengl3.obj" importiert.
LINK : warning LNK4286: Das in "__glewEnableVertexAttribArray" definierte Symbol "glew32s.lib(glew.obj)" wird durch "imgui_impl_opengl3.obj" importiert.
LINK : warning LNK4286: Das in "__glewGetAttribLocation" definierte Symbol "glew32s.lib(glew.obj)" wird durch "imgui_impl_opengl3.obj" importiert.
LINK : warning LNK4286: Das in "__glewGetProgramInfoLog" definierte Symbol "glew32s.lib(glew.obj)" wird durch "imgui_impl_opengl3.obj" importiert.
LINK : warning LNK4286: Das in "__glewGetProgramiv" definierte Symbol "glew32s.lib(glew.obj)" wird durch "imgui_impl_opengl3.obj" importiert.
LINK : warning LNK4286: Das in "__glewGetShaderInfoLog" definierte Symbol "glew32s.lib(glew.obj)" wird durch "imgui_impl_opengl3.obj" importiert.
LINK : warning LNK4286: Das in "__glewGetShaderInfoLog" definierte Symbol "glew32s.lib(glew.obj)" wird durch "shader.obj" importiert.
LINK : warning LNK4286: Das in "__glewGetShaderiv" definierte Symbol "glew32s.lib(glew.obj)" wird durch "imgui_impl_opengl3.obj" importiert.
LINK : warning LNK4217: Das in "__glewGetShaderiv" definierte Symbol "glew32s.lib(glew.obj)" wird durch "shader.obj" in die Funktion ""public: __cdecl std::basic_string<char,struct std::char_traits<char>,class std::allocator<char> >::basic_string<char,struct std::char_traits<char>,class std::allocator<char> >(class std::basic_string<char,struct std::char_traits<char>,class std::allocator<char> > const &)" (??0?$basic_string@DU?$char_traits@D@std@@V?$allocator@D@2@@std@@QEAA@AEBV01@@Z)" importiert.
LINK : warning LNK4286: Das in "__glewGetUniformLocation" definierte Symbol "glew32s.lib(glew.obj)" wird durch "imgui_impl_opengl3.obj" importiert.
LINK : warning LNK4286: Das in "__glewLinkProgram" definierte Symbol "glew32s.lib(glew.obj)" wird durch "imgui_impl_opengl3.obj" importiert.
LINK : warning LNK4217: Das in "__glewLinkProgram" definierte Symbol "glew32s.lib(glew.obj)" wird durch "shader.obj" in die Funktion ""public: class std::basic_string<char,struct std::char_traits<char>,class std::allocator<char> > & __cdecl std::basic_string<char,struct std::char_traits<char>,class std::allocator<char> >::assign(char const * const,unsigned __int64)" (?assign@?$basic_string@DU?$char_traits@D@std@@V?$allocator@D@2@@std@@QEAAAEAV12@QEBD_K@Z)" importiert.
LINK : warning LNK4286: Das in "__glewShaderSource" definierte Symbol "glew32s.lib(glew.obj)" wird durch "imgui_impl_opengl3.obj" importiert.
LINK : warning LNK4217: Das in "__glewShaderSource" definierte Symbol "glew32s.lib(glew.obj)" wird durch "shader.obj" in die Funktion ""public: void __cdecl std::basic_string<char,struct std::char_traits<char>,class std::allocator<char> >::resize(unsigned __int64,char)" (?resize@?$basic_string@DU?$char_traits@D@std@@V?$allocator@D@2@@std@@QEAAX_KD@Z)" importiert.
LINK : warning LNK4286: Das in "__glewUniform1i" definierte Symbol "glew32s.lib(glew.obj)" wird durch "imgui_impl_opengl3.obj" importiert.
LINK : warning LNK4286: Das in "__glewUniformMatrix4fv" definierte Symbol "glew32s.lib(glew.obj)" wird durch "imgui_impl_opengl3.obj" importiert.
LINK : warning LNK4286: Das in "__glewUseProgram" definierte Symbol "glew32s.lib(glew.obj)" wird durch "imgui_impl_opengl3.obj" importiert.
LINK : warning LNK4286: Das in "__glewUseProgram" definierte Symbol "glew32s.lib(glew.obj)" wird durch "shader.obj" importiert.
LINK : warning LNK4286: Das in "__glewVertexAttribPointer" definierte Symbol "glew32s.lib(glew.obj)" wird durch "imgui_impl_opengl3.obj" importiert.
LINK : warning LNK4286: Das in "__glewDrawElementsBaseVertex" definierte Symbol "glew32s.lib(glew.obj)" wird durch "imgui_impl_opengl3.obj" importiert.
LINK : warning LNK4286: Das in "__glewBindSampler" definierte Symbol "glew32s.lib(glew.obj)" wird durch "imgui_impl_opengl3.obj" importiert.
LINK : warning LNK4286: Das in "__glewBindVertexArray" definierte Symbol "glew32s.lib(glew.obj)" wird durch "imgui_impl_opengl3.obj" importiert.
LINK : warning LNK4286: Das in "__glewDeleteVertexArrays" definierte Symbol "glew32s.lib(glew.obj)" wird durch "imgui_impl_opengl3.obj" importiert.
LINK : warning LNK4286: Das in "__glewGenVertexArrays" definierte Symbol "glew32s.lib(glew.obj)" wird durch "imgui_impl_opengl3.obj" importiert.
glew32s.lib(glew.obj) : warning LNK4099: PDB "vc120.pdb" wurde nicht mit "glew32s.lib(glew.obj)" oder an "D:\Google Drive\IM\Semester_3_19\PRO3\Implementation\VibratingString\x64\Debug\vc120.pdb" gefunden; Objekt wird verknüpft, als ob keine Debuginformationen vorhanden wären.
  VibratingString.vcxproj -> D:\Google Drive\IM\Semester_3_19\PRO3\Implementation\VibratingString\x64\Debug\VibratingString.exe
